<?xml version="1.0" encoding="UTF-8"?>
<!-- Generated by org.testng.reporters.JUnitReportReporter -->
<testsuite hostname="LAPTOP-CQNUG7LU" failures="0" tests="2" name="testNGtest.TestCase1" time="0.008" errors="0" timestamp="2022-08-12T22:30:06 EDT" skipped="0">
  <testcase classname="testNGtest.TestCase1" name="doRegister" time="0.005"/>
  <system-out>
    <![CDATA[user registered]]>
  </system-out>
  <testcase classname="testNGtest.TestCase1" name="doLogin" time="0.003"/>
  <system-out>
    <![CDATA[password entered]]>
  </system-out>
</testsuite> <!-- testNGtest.TestCase1 -->
